[INFO] 19-12-2024 00:57:24 [main] [LogUtils] - Loaded all properties files.
[INFO] 19-12-2024 00:57:24 [main] [LogUtils] - ********** RUN STARTED **********
[INFO] 19-12-2024 00:57:24 [main] [LogUtils] - ========= INSTALLING CONFIGURATION DATA =========
[INFO] 19-12-2024 00:57:24 [main] [LogUtils] - Loaded all properties files.
[INFO] 19-12-2024 00:57:24 [main] [LogUtils] - OVERRIDE EXTENT REPORTS = yes
[INFO] 19-12-2024 00:57:24 [main] [LogUtils] - Report Path: /Users/sunilkumarbehera/Library/CloudStorage/OneDrive-TavantTechnologies/Desktop/prodemo/Framework/reports/ExtentReports/ExtentReports.html
[INFO] 19-12-2024 00:57:24 [main] [LogUtils] - Extent Reports initialized.
[INFO] 19-12-2024 00:57:24 [main] [LogUtils] - ========= INSTALLED CONFIGURATION DATA =========
[INFO] 19-12-2024 00:57:24 [main] [LogUtils] - =====> Starting Suite: MPV test
[INFO] 19-12-2024 00:57:34 [TestNG-test-MPV test Suite-1] [LogUtils] - Test case: TC_LoginFailWithEmailDoesNotExist is starting...
[INFO] 19-12-2024 00:57:36 [TestNG-test-MPV test Suite-3] [LogUtils] - Test case: TC_LoginFailWithIncorrectPassword is starting...
[INFO] 19-12-2024 00:57:39 [TestNG-test-MPV test Suite-2] [LogUtils] - Test case: TC_LoginFailWithEmailNull is starting...
[INFO] 19-12-2024 00:57:46 [TestNG-test-MPV test Suite-2] [LogUtils] - Open the Website with URL: https://mlbauto.tickets.com/?agency=AUMS_MLB_MPV&enableV2TicketingExperience=true&orgid=24610
[INFO] 19-12-2024 00:57:46 [TestNG-test-MPV test Suite-2] [LogUtils] - Set Excel File: src/test/resources/testdataMPV/TestDataMPV.xlsx
[INFO] 19-12-2024 00:57:46 [TestNG-test-MPV test Suite-2] [LogUtils] - Sheet Name: Login
[INFO] 19-12-2024 00:57:46 [TestNG-test-MPV test Suite-3] [LogUtils] - Open the Website with URL: https://mlbauto.tickets.com/?agency=AUMS_MLB_MPV&enableV2TicketingExperience=true&orgid=24610
[INFO] 19-12-2024 00:57:46 [TestNG-test-MPV test Suite-3] [LogUtils] - Set Excel File: src/test/resources/testdataMPV/TestDataMPV.xlsx
[INFO] 19-12-2024 00:57:46 [TestNG-test-MPV test Suite-3] [LogUtils] - Sheet Name: Login
[INFO] 19-12-2024 00:57:46 [TestNG-test-MPV test Suite-1] [LogUtils] - Open the Website with URL: https://mlbauto.tickets.com/?agency=AUMS_MLB_MPV&enableV2TicketingExperience=true&orgid=24610
[INFO] 19-12-2024 00:57:46 [TestNG-test-MPV test Suite-1] [LogUtils] - Set Excel File: src/test/resources/testdataMPV/TestDataMPV.xlsx
[INFO] 19-12-2024 00:57:46 [TestNG-test-MPV test Suite-1] [LogUtils] - Sheet Name: Login
[INFO] 19-12-2024 00:57:47 [TestNG-test-MPV test Suite-1] [LogUtils] - Clicked on the Close Cookies
[INFO] 19-12-2024 00:57:47 [TestNG-test-MPV test Suite-1] [LogUtils] - Clicked on the Hamburger Menu
[INFO] 19-12-2024 00:57:47 [TestNG-test-MPV test Suite-2] [LogUtils] - Clicked on the Close Cookies
[INFO] 19-12-2024 00:57:47 [TestNG-test-MPV test Suite-2] [LogUtils] - Clicked on the Hamburger Menu
[INFO] 19-12-2024 00:57:47 [TestNG-test-MPV test Suite-3] [LogUtils] - Clicked on the Close Cookies
[INFO] 19-12-2024 00:57:48 [TestNG-test-MPV test Suite-3] [LogUtils] - Clicked on the Hamburger Menu
[INFO] 19-12-2024 00:57:48 [TestNG-test-MPV test Suite-1] [LogUtils] - Clicked on the Hamburger Login
[INFO] 19-12-2024 00:57:48 [TestNG-test-MPV test Suite-1] [LogUtils] - Verify element visible By.xpath: //*[normalize-space() = 'Log in or sign up to create an account to access your tickets and account.']
[INFO] 19-12-2024 00:57:48 [TestNG-test-MPV test Suite-1] [LogUtils] - Row index for loginFailWithEmailDoesNotExist: 1
[INFO] 19-12-2024 00:57:48 [TestNG-test-MPV test Suite-1] [LogUtils] - Column index for email: 1
[INFO] 19-12-2024 00:57:48 [TestNG-test-MPV test Suite-2] [LogUtils] - Clicked on the Hamburger Login
[INFO] 19-12-2024 00:57:48 [TestNG-test-MPV test Suite-2] [LogUtils] - Verify element visible By.xpath: //*[normalize-space() = 'Log in or sign up to create an account to access your tickets and account.']
[INFO] 19-12-2024 00:57:48 [TestNG-test-MPV test Suite-2] [LogUtils] - Clicked on the Login Button
[INFO] 19-12-2024 00:57:48 [TestNG-test-MPV test Suite-1] [LogUtils] - Set text sunilsdaskdas8765@fake.com on Enter email
[INFO] 19-12-2024 00:57:48 [TestNG-test-MPV test Suite-1] [LogUtils] - Row index for loginFailWithEmailDoesNotExist: 1
[INFO] 19-12-2024 00:57:48 [TestNG-test-MPV test Suite-1] [LogUtils] - Column index for password: 2
[INFO] 19-12-2024 00:57:48 [TestNG-test-MPV test Suite-2] [LogUtils] - Verify Equals: Enter Email Address = Enter Email Address
[INFO] 19-12-2024 00:57:48 [TestNG-test-MPV test Suite-1] [LogUtils] - Set text 123456.0 on Enter Password
[INFO] 19-12-2024 00:57:48 [TestNG-test-MPV test Suite-1] [LogUtils] - Clicked on the Login Button
[INFO] 19-12-2024 00:57:48 [TestNG-test-MPV test Suite-1] [LogUtils] - Verify element visible By.xpath: //*[normalize-space() = 'Your username or password is incorrect.']
[INFO] 19-12-2024 00:57:48 [TestNG-test-MPV test Suite-3] [LogUtils] - Clicked on the Hamburger Login
[INFO] 19-12-2024 00:57:48 [TestNG-test-MPV test Suite-3] [LogUtils] - Verify element visible By.xpath: //*[normalize-space() = 'Log in or sign up to create an account to access your tickets and account.']
[INFO] 19-12-2024 00:57:48 [TestNG-test-MPV test Suite-3] [LogUtils] - Row index for loginFailWithIncorrectPassword: 3
[INFO] 19-12-2024 00:57:48 [TestNG-test-MPV test Suite-3] [LogUtils] - Column index for email: 1
[INFO] 19-12-2024 00:57:48 [TestNG-test-MPV test Suite-3] [LogUtils] - Set text sunil.kumar06@fake.com on Enter email
[INFO] 19-12-2024 00:57:48 [TestNG-test-MPV test Suite-3] [LogUtils] - Clear the text in the textbox. Clear the Password Field
[INFO] 19-12-2024 00:57:48 [TestNG-test-MPV test Suite-3] [LogUtils] - Row index for loginFailWithIncorrectPassword: 3
[INFO] 19-12-2024 00:57:48 [TestNG-test-MPV test Suite-3] [LogUtils] - Column index for password: 2
[INFO] 19-12-2024 00:57:48 [TestNG-test-MPV test Suite-3] [LogUtils] - Set text 123.0 on Enter Password
[INFO] 19-12-2024 00:57:48 [TestNG-test-MPV test Suite-3] [LogUtils] - Clicked on the Login Button
[INFO] 19-12-2024 00:57:48 [TestNG-test-MPV test Suite-3] [LogUtils] - Verify element visible By.xpath: //*[normalize-space() = 'Your username or password is incorrect.']
[INFO] 19-12-2024 00:57:49 [TestNG-test-MPV test Suite-2] [LogUtils] - Test case: TC_LoginFailWithEmailNull is passed.
[INFO] 19-12-2024 00:57:49 [TestNG-test-MPV test Suite-2] [LogUtils] - Driver for Screenshot: ChromeDriver: chrome on mac (1ad09c7de9763983a408a592f6bc1481)
[INFO] 19-12-2024 00:57:49 [TestNG-test-MPV test Suite-2] [LogUtils] - Screenshot taken: TC_LoginFailWithEmailNull
[INFO] 19-12-2024 00:57:49 [TestNG-test-MPV test Suite-2] [LogUtils] - Screenshot taken current URL: https://mlbauto.tickets.com/?agency=AUMM_MYTIXX&enableV2TicketingExperience=true&orgid=24611#/auth/login?ret=auth~2Flogin%3Ffullret%3D%252Fticketmanagement%252F%253Fagency%253DAUMM_MYTIXX%2526enableV2TicketingExperience%253Dtrue%2526orgid%253D24611&fullret=~2Fticketmanagement~2F%3Fagency%3DAUMM_MYTIXX%26enableV2TicketingExperience%3Dtrue%26orgid%3D24611
[INFO] 19-12-2024 00:57:53 [TestNG-test-MPV test Suite-2] [LogUtils] - Test case: TC_LoginFailWithNullPassword is starting...
[INFO] 19-12-2024 00:57:58 [TestNG-test-MPV test Suite-2] [LogUtils] - Open the Website with URL: https://mlbauto.tickets.com/?agency=AUMS_MLB_MPV&enableV2TicketingExperience=true&orgid=24610
[INFO] 19-12-2024 00:57:58 [TestNG-test-MPV test Suite-2] [LogUtils] - Set Excel File: src/test/resources/testdataMPV/TestDataMPV.xlsx
[INFO] 19-12-2024 00:57:58 [TestNG-test-MPV test Suite-2] [LogUtils] - Sheet Name: Login
[ERROR] 19-12-2024 00:57:58 [TestNG-test-MPV test Suite-1] [LogUtils] - Your username or password is incorrect.By.xpath: //*[normalize-space() = 'Your username or password is incorrect.']
[ERROR] 19-12-2024 00:57:58 [TestNG-test-MPV test Suite-1] [LogUtils] - FAILED !! Test case TC_LoginFailWithEmailDoesNotExist is failed.
[ERROR] 19-12-2024 00:57:58 [TestNG-test-MPV test Suite-1] [LogUtils] - java.lang.AssertionError: Your username or password is incorrect.By.xpath: //*[normalize-space() = 'Your username or password is incorrect.']
[INFO] 19-12-2024 00:57:58 [TestNG-test-MPV test Suite-1] [LogUtils] - Driver for Screenshot: ChromeDriver: chrome on mac (b050276d5259f5da7b926b154e245f50)
[INFO] 19-12-2024 00:57:58 [TestNG-test-MPV test Suite-1] [LogUtils] - Screenshot taken: TC_LoginFailWithEmailDoesNotExist
[INFO] 19-12-2024 00:57:58 [TestNG-test-MPV test Suite-1] [LogUtils] - Screenshot taken current URL: https://mlbauto.tickets.com/?agency=AUMM_MYTIXX&enableV2TicketingExperience=true&orgid=24611#/auth/login?ret=auth~2Flogin%3Ffullret%3D%252Fticketmanagement%252F%253Fagency%253DAUMM_MYTIXX%2526enableV2TicketingExperience%253Dtrue%2526orgid%253D24611&fullret=~2Fticketmanagement~2F%3Fagency%3DAUMM_MYTIXX%26enableV2TicketingExperience%3Dtrue%26orgid%3D24611
[ERROR] 19-12-2024 00:57:59 [TestNG-test-MPV test Suite-3] [LogUtils] - Your username or password is incorrect.By.xpath: //*[normalize-space() = 'Your username or password is incorrect.']
[ERROR] 19-12-2024 00:57:59 [TestNG-test-MPV test Suite-3] [LogUtils] - FAILED !! Test case TC_LoginFailWithIncorrectPassword is failed.
[ERROR] 19-12-2024 00:57:59 [TestNG-test-MPV test Suite-3] [LogUtils] - java.lang.AssertionError: Your username or password is incorrect.By.xpath: //*[normalize-space() = 'Your username or password is incorrect.']
[INFO] 19-12-2024 00:57:59 [TestNG-test-MPV test Suite-3] [LogUtils] - Driver for Screenshot: ChromeDriver: chrome on mac (06262128d368ad775ca5a3759b5da33e)
[INFO] 19-12-2024 00:57:59 [TestNG-test-MPV test Suite-3] [LogUtils] - Screenshot taken: TC_LoginFailWithIncorrectPassword
[INFO] 19-12-2024 00:57:59 [TestNG-test-MPV test Suite-3] [LogUtils] - Screenshot taken current URL: https://mlbauto.tickets.com/?agency=AUMM_MYTIXX&enableV2TicketingExperience=true&orgid=24611#/auth/login?ret=auth~2Flogin%3Ffullret%3D%252Fticketmanagement%252F%253Fagency%253DAUMM_MYTIXX%2526enableV2TicketingExperience%253Dtrue%2526orgid%253D24611&fullret=~2Fticketmanagement~2F%3Fagency%3DAUMM_MYTIXX%26enableV2TicketingExperience%3Dtrue%26orgid%3D24611
[INFO] 19-12-2024 00:58:00 [TestNG-test-MPV test Suite-1] [LogUtils] - Test case: TC_LoginSuccessWithCustomerAccount is starting...
[INFO] 19-12-2024 00:58:01 [TestNG-test-MPV test Suite-3] [LogUtils] - Test case: TC_ManageFriends_DOB_OptionalFieldValidation is starting...
[INFO] 19-12-2024 00:58:01 [TestNG-test-MPV test Suite-1] [LogUtils] - Open the Website with URL: https://mlbauto.tickets.com/?agency=AUMS_MLB_MPV&enableV2TicketingExperience=true&orgid=24610
[INFO] 19-12-2024 00:58:01 [TestNG-test-MPV test Suite-1] [LogUtils] - Set Excel File: src/test/resources/testdataMPV/TestDataMPV.xlsx
[INFO] 19-12-2024 00:58:01 [TestNG-test-MPV test Suite-1] [LogUtils] - Sheet Name: Login
[INFO] 19-12-2024 00:58:02 [TestNG-test-MPV test Suite-3] [LogUtils] - Open the Website with URL: https://mlbauto.tickets.com/?agency=AUMS_MLB_MPV&enableV2TicketingExperience=true&orgid=24610
[ERROR] 19-12-2024 00:58:08 [TestNG-test-MPV test Suite-2] [LogUtils] - ❌ Timeout waiting for the element ready to click. Close Cookies By.xpath: //*[@class='cc-btn cc-dismiss']
[ERROR] 19-12-2024 00:58:09 [TestNG-test-MPV test Suite-2] [LogUtils] - FAILED !! Test case TC_LoginFailWithNullPassword is failed.
[ERROR] 19-12-2024 00:58:09 [TestNG-test-MPV test Suite-2] [LogUtils] - java.lang.AssertionError: ❌ Timeout waiting for the element ready to click. Close Cookies By.xpath: //*[@class='cc-btn cc-dismiss']
[INFO] 19-12-2024 00:58:09 [TestNG-test-MPV test Suite-2] [LogUtils] - Driver for Screenshot: ChromeDriver: chrome on mac (073abdb59eb77c813c46b9120aee165e)
[INFO] 19-12-2024 00:58:09 [TestNG-test-MPV test Suite-2] [LogUtils] - Screenshot taken: TC_LoginFailWithNullPassword
[INFO] 19-12-2024 00:58:09 [TestNG-test-MPV test Suite-2] [LogUtils] - Screenshot taken current URL: https://mlbauto.tickets.com/?agency=AUMS_MLB_MPV&enableV2TicketingExperience=true&orgid=24610
[INFO] 19-12-2024 00:58:10 [TestNG-test-MPV test Suite-2] [LogUtils] - Test case: TC_C156889_MLBSignUp is starting...
[INFO] 19-12-2024 00:58:16 [TestNG-test-MPV test Suite-2] [LogUtils] - Open the Website with URL: https://mlbauto.tickets.com/?agency=AUMS_MLB_MPV&enableV2TicketingExperience=true&orgid=24610
[ERROR] 19-12-2024 00:58:32 [TestNG-test-MPV test Suite-2] [LogUtils] - ❌ Timeout waiting for the element ready to click. Close Cookies By.xpath: //*[@class='cc-btn cc-dismiss']
[ERROR] 19-12-2024 00:58:32 [TestNG-test-MPV test Suite-2] [LogUtils] - FAILED !! Test case TC_C156889_MLBSignUp is failed.
[ERROR] 19-12-2024 00:58:32 [TestNG-test-MPV test Suite-2] [LogUtils] - java.lang.AssertionError: ❌ Timeout waiting for the element ready to click. Close Cookies By.xpath: //*[@class='cc-btn cc-dismiss']
[INFO] 19-12-2024 00:58:32 [TestNG-test-MPV test Suite-2] [LogUtils] - Driver for Screenshot: ChromeDriver: chrome on mac (1d47ec1e86fb97357a0d834dfca2da2b)
[INFO] 19-12-2024 00:58:32 [TestNG-test-MPV test Suite-2] [LogUtils] - Screenshot taken: TC_C156889_MLBSignUp
[INFO] 19-12-2024 00:58:32 [TestNG-test-MPV test Suite-2] [LogUtils] - Screenshot taken current URL: https://mlbauto.tickets.com/?agency=AUMS_MLB_MPV&enableV2TicketingExperience=true&orgid=24610
[INFO] 19-12-2024 00:58:34 [TestNG-test-MPV test Suite-2] [LogUtils] - Test case: TC_C156889_MLBSignUp is starting...
[INFO] 19-12-2024 00:58:55 [TestNG-test-MPV test Suite-2] [LogUtils] - Open the Website with URL: https://mlbauto.tickets.com/?agency=AUMS_MLB_MPV&enableV2TicketingExperience=true&orgid=24610
[INFO] 19-12-2024 00:58:55 [TestNG-test-MPV test Suite-2] [LogUtils] - Clicked on the Close Cookies
[INFO] 19-12-2024 00:58:55 [TestNG-test-MPV test Suite-2] [LogUtils] - Clicked on the Hamburger Menu
[INFO] 19-12-2024 00:58:56 [TestNG-test-MPV test Suite-2] [LogUtils] - Clicked on the Hamburger Login
[INFO] 19-12-2024 00:58:56 [TestNG-test-MPV test Suite-2] [LogUtils] - Verify element visible By.xpath: //*[normalize-space() = 'Log in or sign up to create an account to access your tickets and account.']
[INFO] 19-12-2024 00:58:56 [TestNG-test-MPV test Suite-2] [LogUtils] - Clicked on the Create Account Button
[INFO] 19-12-2024 00:58:56 [TestNG-test-MPV test Suite-2] [LogUtils] - Set text MPV1734550136245_68 on Enter First name
[INFO] 19-12-2024 00:58:56 [TestNG-test-MPV test Suite-2] [LogUtils] - Set text MPV on Enter Second name
[INFO] 19-12-2024 00:58:56 [TestNG-test-MPV test Suite-2] [LogUtils] - Set text MPV1734550136245_68@email.com on Enter email
[INFO] 19-12-2024 00:58:56 [TestNG-test-MPV test Suite-2] [LogUtils] - Set text T1ckets1 on Enter Password name
[INFO] 19-12-2024 00:58:56 [TestNG-test-MPV test Suite-2] [LogUtils] - Clicked on the Agree to Terms Checkbox
[INFO] 19-12-2024 00:58:56 [TestNG-test-MPV test Suite-2] [LogUtils] - Clicked on the Sign Up Button
[INFO] 19-12-2024 00:59:02 [TestNG-test-MPV test Suite-2] [LogUtils] - Clicked on the Continue Button
[INFO] 19-12-2024 00:59:06 [TestNG-test-MPV test Suite-2] [LogUtils] - Clicked on the Clicked on the menu
[INFO] 19-12-2024 00:59:12 [TestNG-test-MPV test Suite-2] [LogUtils] - Clicked on the Clicked on the menu logout
[INFO] 19-12-2024 00:59:14 [TestNG-test-MPV test Suite-2] [LogUtils] - Test case: TC_C156889_MLBSignUp is passed.
[INFO] 19-12-2024 00:59:14 [TestNG-test-MPV test Suite-2] [LogUtils] - Driver for Screenshot: ChromeDriver: chrome on mac (eece8ea78d0aa4aa88df7e234656d6fe)
[INFO] 19-12-2024 00:59:14 [TestNG-test-MPV test Suite-2] [LogUtils] - Screenshot taken: TC_C156889_MLBSignUp
[INFO] 19-12-2024 00:59:14 [TestNG-test-MPV test Suite-2] [LogUtils] - Screenshot taken current URL: https://mlbauto.tickets.com/?agency=AUMM_MYTIXX&enableV2TicketingExperience=true&orgid=24611#/auth/login
[INFO] 19-12-2024 01:00:37 [TestNG-test-MPV test Suite-3] [LogUtils] - Clicked on the Close Cookies
[INFO] 19-12-2024 01:00:37 [TestNG-test-MPV test Suite-3] [LogUtils] - Clicked on the Hamburger Menu
[INFO] 19-12-2024 01:00:37 [TestNG-test-MPV test Suite-3] [LogUtils] - Clicked on the Hamburger Login
[INFO] 19-12-2024 01:00:37 [TestNG-test-MPV test Suite-3] [LogUtils] - Verify element visible By.xpath: //*[normalize-space() = 'Log in or sign up to create an account to access your tickets and account.']
[INFO] 19-12-2024 01:00:37 [TestNG-test-MPV test Suite-3] [LogUtils] - Clicked on the Create Account Button
[INFO] 19-12-2024 01:00:37 [TestNG-test-MPV test Suite-3] [LogUtils] - Set text MPV1734550237697_64 on Enter First name
[INFO] 19-12-2024 01:00:37 [TestNG-test-MPV test Suite-3] [LogUtils] - Set text MPV on Enter Second name
[INFO] 19-12-2024 01:00:37 [TestNG-test-MPV test Suite-3] [LogUtils] - Set text MPV1734550237697_64@email.com on Enter email
[INFO] 19-12-2024 01:00:37 [TestNG-test-MPV test Suite-3] [LogUtils] - Set text T1ckets1 on Enter Password name
[INFO] 19-12-2024 01:00:38 [TestNG-test-MPV test Suite-3] [LogUtils] - Clicked on the Agree to Terms Checkbox
[INFO] 19-12-2024 01:00:38 [TestNG-test-MPV test Suite-3] [LogUtils] - Clicked on the Sign Up Button
[INFO] 19-12-2024 01:00:43 [TestNG-test-MPV test Suite-1] [LogUtils] - Clicked on the Close Cookies
[INFO] 19-12-2024 01:00:43 [TestNG-test-MPV test Suite-1] [LogUtils] - Clicked on the Hamburger Menu
[INFO] 19-12-2024 01:00:43 [TestNG-test-MPV test Suite-1] [LogUtils] - Clicked on the Hamburger Login
[INFO] 19-12-2024 01:00:43 [TestNG-test-MPV test Suite-1] [LogUtils] - Verify element visible By.xpath: //*[normalize-space() = 'Log in or sign up to create an account to access your tickets and account.']
[INFO] 19-12-2024 01:00:43 [TestNG-test-MPV test Suite-1] [LogUtils] - Row index for loginSuccessWithCustomerAccount: 4
[INFO] 19-12-2024 01:00:43 [TestNG-test-MPV test Suite-1] [LogUtils] - Column index for email: 1
[INFO] 19-12-2024 01:00:43 [TestNG-test-MPV test Suite-1] [LogUtils] - Set text sunil.kumar06@fake.com on Enter email
[INFO] 19-12-2024 01:00:43 [TestNG-test-MPV test Suite-1] [LogUtils] - Clear the text in the textbox. Clear the Password Field
[INFO] 19-12-2024 01:00:43 [TestNG-test-MPV test Suite-1] [LogUtils] - Row index for loginSuccessWithCustomerAccount: 4
[INFO] 19-12-2024 01:00:43 [TestNG-test-MPV test Suite-1] [LogUtils] - Column index for password: 2
[INFO] 19-12-2024 01:00:43 [TestNG-test-MPV test Suite-1] [LogUtils] - Set text T1ckets1 on Enter Password
[INFO] 19-12-2024 01:00:43 [TestNG-test-MPV test Suite-1] [LogUtils] - Clicked on the Login Button
[INFO] 19-12-2024 01:00:45 [TestNG-test-MPV test Suite-3] [LogUtils] - Account creation failed
[INFO] 19-12-2024 01:00:46 [TestNG-test-MPV test Suite-3] [LogUtils] - Clicked on the Continue Button
[INFO] 19-12-2024 01:00:49 [TestNG-test-MPV test Suite-1] [LogUtils] - Verify element visible By.xpath: //*[@id='hero']/div[@class='hero-logo mpv-theme-hero-logo-new']
[INFO] 19-12-2024 01:00:50 [TestNG-test-MPV test Suite-1] [LogUtils] - Test case: TC_LoginSuccessWithCustomerAccount is passed.
[INFO] 19-12-2024 01:00:50 [TestNG-test-MPV test Suite-1] [LogUtils] - Driver for Screenshot: ChromeDriver: chrome on mac (3e5dba79014d834e9973c8612987a7de)
[INFO] 19-12-2024 01:00:50 [TestNG-test-MPV test Suite-1] [LogUtils] - Screenshot taken: TC_LoginSuccessWithCustomerAccount
[INFO] 19-12-2024 01:00:50 [TestNG-test-MPV test Suite-1] [LogUtils] - Screenshot taken current URL: https://mlbauto.tickets.com/ticketmanagement/?agency=AUMM_MYTIXX&enableV2TicketingExperience=true&orgid=24611#/
[INFO] 19-12-2024 01:00:50 [TestNG-test-MPV test Suite-3] [LogUtils] - Clicked on the Clicked on the menu
[INFO] 19-12-2024 01:00:52 [TestNG-test-MPV test Suite-3] [LogUtils] - Clicked on the Click My Account
[INFO] 19-12-2024 01:00:57 [TestNG-test-MPV test Suite-3] [LogUtils] - Clicked on the Manage Friend
[INFO] 19-12-2024 01:01:00 [TestNG-test-MPV test Suite-3] [LogUtils] - Clicked on the Add New Friend Button
[INFO] 19-12-2024 01:01:00 [TestNG-test-MPV test Suite-3] [LogUtils] - Set Excel File: src/test/resources/testdataMPV/TestDataMPV.xlsx
[INFO] 19-12-2024 01:01:00 [TestNG-test-MPV test Suite-3] [LogUtils] - Sheet Name: ManageFriends
[INFO] 19-12-2024 01:01:00 [TestNG-test-MPV test Suite-3] [LogUtils] - Row index for FirstFriendFirstName: 1
[INFO] 19-12-2024 01:01:00 [TestNG-test-MPV test Suite-3] [LogUtils] - Column index for Value: 1
[INFO] 19-12-2024 01:01:00 [TestNG-test-MPV test Suite-3] [LogUtils] - Set text Karen on Enter First name
[INFO] 19-12-2024 01:01:00 [TestNG-test-MPV test Suite-3] [LogUtils] - Row index for FirstFriendLastName: 2
[INFO] 19-12-2024 01:01:00 [TestNG-test-MPV test Suite-3] [LogUtils] - Column index for Value: 1
[INFO] 19-12-2024 01:01:00 [TestNG-test-MPV test Suite-3] [LogUtils] - Set text One on Enter Last name
[INFO] 19-12-2024 01:01:00 [TestNG-test-MPV test Suite-3] [LogUtils] - Row index for FirstFriendEmail: 3
[INFO] 19-12-2024 01:01:00 [TestNG-test-MPV test Suite-3] [LogUtils] - Column index for Value: 1
[INFO] 19-12-2024 01:01:00 [TestNG-test-MPV test Suite-3] [LogUtils] - Set text abc@email.com on Enter email 
[INFO] 19-12-2024 01:01:00 [TestNG-test-MPV test Suite-3] [LogUtils] - Clicked on the Confirm Email Input
[INFO] 19-12-2024 01:01:00 [TestNG-test-MPV test Suite-3] [LogUtils] - Row index for FirstFriendConfirmEmail: 4
[INFO] 19-12-2024 01:01:00 [TestNG-test-MPV test Suite-3] [LogUtils] - Column index for Value: 1
[INFO] 19-12-2024 01:01:00 [TestNG-test-MPV test Suite-3] [LogUtils] - Set text abc@email.com on Enter Confirm Password name
[INFO] 19-12-2024 01:01:02 [TestNG-test-MPV test Suite-3] [LogUtils] - Clicked on the Create Friend Button
[INFO] 19-12-2024 01:01:04 [TestNG-test-MPV test Suite-3] [LogUtils] - Clicked on the Clicked on the menu
[INFO] 19-12-2024 01:01:13 [TestNG-test-MPV test Suite-3] [LogUtils] - Clicked on the Clicked on the menu logout
[INFO] 19-12-2024 01:01:15 [TestNG-test-MPV test Suite-3] [LogUtils] - Test case: TC_ManageFriends_DOB_OptionalFieldValidation is passed.
[INFO] 19-12-2024 01:01:15 [TestNG-test-MPV test Suite-3] [LogUtils] - Driver for Screenshot: ChromeDriver: chrome on mac (04091d6149e3eb3c629a29f4a2409072)
[INFO] 19-12-2024 01:01:15 [TestNG-test-MPV test Suite-3] [LogUtils] - Screenshot taken: TC_ManageFriends_DOB_OptionalFieldValidation
[INFO] 19-12-2024 01:01:15 [TestNG-test-MPV test Suite-3] [LogUtils] - Screenshot taken current URL: https://mlbauto.tickets.com/?agency=AUMM_MYTIXX&enableV2TicketingExperience=true&orgid=24611#/auth/login
[INFO] 19-12-2024 01:01:16 [main] [LogUtils] - ********** RUN FINISHED **********
[INFO] 19-12-2024 01:01:16 [main] [LogUtils] - =====> End Suite: MPV test
[INFO] 19-12-2024 01:01:17 [main] [LogUtils] - ********** RUN STARTED **********
[INFO] 19-12-2024 01:01:17 [main] [LogUtils] - ========= INSTALLING CONFIGURATION DATA =========
[INFO] 19-12-2024 01:01:17 [main] [LogUtils] - Loaded all properties files.
[INFO] 19-12-2024 01:01:17 [main] [LogUtils] - ========= INSTALLED CONFIGURATION DATA =========
[INFO] 19-12-2024 01:01:17 [main] [LogUtils] - =====> Starting Suite: PV test
[INFO] 19-12-2024 01:01:19 [TestNG-test-PV Login Test-3] [LogUtils] - Test case: TC_PVLoginCase3 is starting...
[INFO] 19-12-2024 01:01:19 [TestNG-test-PV Login Test-3] [LogUtils] - Set Excel File: src/test/resources/testdataPV/TestDataPV.xlsx
[INFO] 19-12-2024 01:01:19 [TestNG-test-PV Login Test-3] [LogUtils] - Sheet Name: PVLogin
[INFO] 19-12-2024 01:01:19 [TestNG-test-PV Login Test-1] [LogUtils] - Test case: TC_PVLoginCase1 is starting...
[INFO] 19-12-2024 01:01:19 [TestNG-test-PV Login Test-2] [LogUtils] - Test case: TC_PVLoginCase2 is starting...
[WARN] 19-12-2024 01:01:19 [TestNG-test-PV Login Test-1] [LogUtils] - WARNING!! Test case: TC_PVLoginCase1 is skipped.
[INFO] 19-12-2024 01:01:19 [TestNG-test-PV Login Test-2] [LogUtils] - Set Excel File: src/test/resources/testdataPV/TestDataPV.xlsx
[INFO] 19-12-2024 01:01:19 [TestNG-test-PV Login Test-2] [LogUtils] - Sheet Name: PVLogin
[INFO] 19-12-2024 01:01:22 [TestNG-test-PV Login Test-3] [LogUtils] - Open the Website with URL: https://auto2.provenueapp.com:18443/springapp/login
[INFO] 19-12-2024 01:01:22 [TestNG-test-PV Login Test-3] [LogUtils] - Get Page Title: auto2 | Tickets.com Provenue® - Login
[INFO] 19-12-2024 01:01:22 [TestNG-test-PV Login Test-3] [LogUtils] - Verify Equals: auto2 | Tickets.com Provenue® - Login = auto2 | Tickets.com Provenue® - Login
[INFO] 19-12-2024 01:01:22 [TestNG-test-PV Login Test-3] [LogUtils] - Clear the text in the textbox. Clear the email field
[INFO] 19-12-2024 01:01:22 [TestNG-test-PV Login Test-3] [LogUtils] - Clear the text in the textbox. Clear the password
[INFO] 19-12-2024 01:01:22 [TestNG-test-PV Login Test-3] [LogUtils] - Row index for testSignInData: 1
[INFO] 19-12-2024 01:01:22 [TestNG-test-PV Login Test-3] [LogUtils] - Column index for EMAIL: 1
[INFO] 19-12-2024 01:01:22 [TestNG-test-PV Login Test-3] [LogUtils] - Set text loaduser3 on Enter email
[INFO] 19-12-2024 01:01:22 [TestNG-test-PV Login Test-3] [LogUtils] - Row index for testSignInData: 1
[INFO] 19-12-2024 01:01:22 [TestNG-test-PV Login Test-3] [LogUtils] - Column index for PASSWORD: 2
[INFO] 19-12-2024 01:01:22 [TestNG-test-PV Login Test-3] [LogUtils] - Set text Password10 on Enter password
[INFO] 19-12-2024 01:01:23 [TestNG-test-PV Login Test-2] [LogUtils] - Open the Website with URL: https://auto2.provenueapp.com:18443/springapp/login
[INFO] 19-12-2024 01:01:23 [TestNG-test-PV Login Test-2] [LogUtils] - Get Page Title: auto2 | Tickets.com Provenue® - Login
[INFO] 19-12-2024 01:01:23 [TestNG-test-PV Login Test-2] [LogUtils] - Verify Equals: auto2 | Tickets.com Provenue® - Login = auto2 | Tickets.com Provenue® - Login
[INFO] 19-12-2024 01:01:23 [TestNG-test-PV Login Test-2] [LogUtils] - Clear the text in the textbox. Clear the email field
[INFO] 19-12-2024 01:01:23 [TestNG-test-PV Login Test-2] [LogUtils] - Clear the text in the textbox. Clear the password
[INFO] 19-12-2024 01:01:23 [TestNG-test-PV Login Test-2] [LogUtils] - Row index for testSignInData: 1
[INFO] 19-12-2024 01:01:23 [TestNG-test-PV Login Test-2] [LogUtils] - Column index for EMAIL: 1
[INFO] 19-12-2024 01:01:23 [TestNG-test-PV Login Test-2] [LogUtils] - Set text loaduser3 on Enter email
[INFO] 19-12-2024 01:01:23 [TestNG-test-PV Login Test-2] [LogUtils] - Row index for testSignInData: 1
[INFO] 19-12-2024 01:01:23 [TestNG-test-PV Login Test-2] [LogUtils] - Column index for PASSWORD: 2
[INFO] 19-12-2024 01:01:23 [TestNG-test-PV Login Test-2] [LogUtils] - Set text Password10 on Enter password
[INFO] 19-12-2024 01:01:27 [TestNG-test-PV Login Test-3] [LogUtils] - Clicked on the Login Button
[INFO] 19-12-2024 01:01:27 [TestNG-test-PV Login Test-3] [LogUtils] - Verify element visible By.xpath: //*[@id='mainHeading']//a[@title='Home']/div
[INFO] 19-12-2024 01:01:27 [TestNG-test-PV Login Test-3] [LogUtils] - Test case: TC_PVLoginCase3 is passed.
[INFO] 19-12-2024 01:01:27 [TestNG-test-PV Login Test-3] [LogUtils] - Driver for Screenshot: ChromeDriver: chrome on mac (4270981a5599e6e5577c471062cf16a6)
[INFO] 19-12-2024 01:01:27 [TestNG-test-PV Login Test-3] [LogUtils] - Screenshot taken: TC_PVLoginCase3
[INFO] 19-12-2024 01:01:27 [TestNG-test-PV Login Test-3] [LogUtils] - Screenshot taken current URL: https://auto2.provenueapp.com:18443/springapp/homePage
[INFO] 19-12-2024 01:01:28 [TestNG-test-PV Login Test-2] [LogUtils] - Clicked on the Login Button
[INFO] 19-12-2024 01:01:28 [TestNG-test-PV Login Test-2] [LogUtils] - Verify element visible By.xpath: //*[@id='mainHeading']//a[@title='Home']/div
[INFO] 19-12-2024 01:01:28 [TestNG-test-PV Login Test-2] [LogUtils] - Test case: TC_PVLoginCase2 is passed.
[INFO] 19-12-2024 01:01:28 [TestNG-test-PV Login Test-2] [LogUtils] - Driver for Screenshot: ChromeDriver: chrome on mac (9ed607142d6fc71541392518ab3b6274)
[INFO] 19-12-2024 01:01:28 [TestNG-test-PV Login Test-2] [LogUtils] - Screenshot taken: TC_PVLoginCase2
[INFO] 19-12-2024 01:01:28 [TestNG-test-PV Login Test-2] [LogUtils] - Screenshot taken current URL: https://auto2.provenueapp.com:18443/springapp/homePage
[INFO] 19-12-2024 01:01:28 [main] [LogUtils] - ********** RUN FINISHED **********
[INFO] 19-12-2024 01:01:28 [main] [LogUtils] - =====> End Suite: PV test
[INFO] 19-12-2024 12:09:10 [main] [LogUtils] - Loaded all properties files.
[INFO] 19-12-2024 12:09:10 [main] [LogUtils] - ********** RUN STARTED **********
[INFO] 19-12-2024 12:09:10 [main] [LogUtils] - ========= INSTALLING CONFIGURATION DATA =========
[INFO] 19-12-2024 12:09:10 [main] [LogUtils] - Loaded all properties files.
[INFO] 19-12-2024 12:09:11 [main] [LogUtils] - OVERRIDE EXTENT REPORTS = yes
[INFO] 19-12-2024 12:09:11 [main] [LogUtils] - Report Path: /Users/sunilkumarbehera/Library/CloudStorage/OneDrive-TavantTechnologies/Desktop/prodemo/Framework/reports/ExtentReports/ExtentReports.html
[INFO] 19-12-2024 12:09:11 [main] [LogUtils] - Extent Reports initialized.
[INFO] 19-12-2024 12:09:11 [main] [LogUtils] - ========= INSTALLED CONFIGURATION DATA =========
[INFO] 19-12-2024 12:09:11 [main] [LogUtils] - =====> Starting Suite: MPV test
[INFO] 19-12-2024 12:09:14 [TestNG-test-MPV test Suite-3] [LogUtils] - Test case: TC_LoginFailWithIncorrectPassword is starting...
[INFO] 19-12-2024 12:09:14 [TestNG-test-MPV test Suite-1] [LogUtils] - Test case: TC_LoginFailWithEmailDoesNotExist is starting...
[INFO] 19-12-2024 12:09:14 [TestNG-test-MPV test Suite-2] [LogUtils] - Test case: TC_LoginFailWithEmailNull is starting...
[INFO] 19-12-2024 12:09:15 [TestNG-test-MPV test Suite-1] [LogUtils] - Open the Website with URL: https://mlbauto.tickets.com/?agency=AUMS_MLB_MPV&enableV2TicketingExperience=true&orgid=24610
[INFO] 19-12-2024 12:09:15 [TestNG-test-MPV test Suite-1] [LogUtils] - Set Excel File: src/test/resources/testdataMPV/TestDataMPV.xlsx
[INFO] 19-12-2024 12:09:15 [TestNG-test-MPV test Suite-1] [LogUtils] - Sheet Name: Login
[INFO] 19-12-2024 12:09:17 [TestNG-test-MPV test Suite-2] [LogUtils] - Open the Website with URL: https://mlbauto.tickets.com/?agency=AUMS_MLB_MPV&enableV2TicketingExperience=true&orgid=24610
[INFO] 19-12-2024 12:09:17 [TestNG-test-MPV test Suite-2] [LogUtils] - Set Excel File: src/test/resources/testdataMPV/TestDataMPV.xlsx
[INFO] 19-12-2024 12:09:17 [TestNG-test-MPV test Suite-2] [LogUtils] - Sheet Name: Login
[INFO] 19-12-2024 12:09:19 [TestNG-test-MPV test Suite-3] [LogUtils] - Open the Website with URL: https://mlbauto.tickets.com/?agency=AUMS_MLB_MPV&enableV2TicketingExperience=true&orgid=24610
[INFO] 19-12-2024 12:09:19 [TestNG-test-MPV test Suite-3] [LogUtils] - Set Excel File: src/test/resources/testdataMPV/TestDataMPV.xlsx
[INFO] 19-12-2024 12:09:19 [TestNG-test-MPV test Suite-3] [LogUtils] - Sheet Name: Login
[INFO] 19-12-2024 12:09:20 [TestNG-test-MPV test Suite-2] [LogUtils] - Clicked on the Close Cookies
[INFO] 19-12-2024 12:09:20 [TestNG-test-MPV test Suite-2] [LogUtils] - Clicked on the Hamburger Menu
[INFO] 19-12-2024 12:09:20 [TestNG-test-MPV test Suite-2] [LogUtils] - Clicked on the Hamburger Login
[INFO] 19-12-2024 12:09:20 [TestNG-test-MPV test Suite-2] [LogUtils] - Verify element visible By.xpath: //*[normalize-space() = 'Log in or sign up to create an account to access your tickets and account.']
[INFO] 19-12-2024 12:09:20 [TestNG-test-MPV test Suite-1] [LogUtils] - Clicked on the Close Cookies
[INFO] 19-12-2024 12:09:20 [TestNG-test-MPV test Suite-2] [LogUtils] - Clicked on the Login Button
[INFO] 19-12-2024 12:09:20 [TestNG-test-MPV test Suite-1] [LogUtils] - Clicked on the Hamburger Menu
[INFO] 19-12-2024 12:09:21 [TestNG-test-MPV test Suite-2] [LogUtils] - Verify Equals: Enter Email Address = Enter Email Address
[INFO] 19-12-2024 12:09:21 [TestNG-test-MPV test Suite-1] [LogUtils] - Clicked on the Hamburger Login
[INFO] 19-12-2024 12:09:21 [TestNG-test-MPV test Suite-1] [LogUtils] - Verify element visible By.xpath: //*[normalize-space() = 'Log in or sign up to create an account to access your tickets and account.']
[INFO] 19-12-2024 12:09:21 [TestNG-test-MPV test Suite-1] [LogUtils] - Row index for loginFailWithEmailDoesNotExist: 1
[INFO] 19-12-2024 12:09:21 [TestNG-test-MPV test Suite-1] [LogUtils] - Column index for email: 1
[INFO] 19-12-2024 12:09:21 [TestNG-test-MPV test Suite-1] [LogUtils] - Set text sunilsdaskdas8765@fake.com on Enter email
[INFO] 19-12-2024 12:09:21 [TestNG-test-MPV test Suite-1] [LogUtils] - Row index for loginFailWithEmailDoesNotExist: 1
[INFO] 19-12-2024 12:09:21 [TestNG-test-MPV test Suite-1] [LogUtils] - Column index for password: 2
[INFO] 19-12-2024 12:09:21 [TestNG-test-MPV test Suite-1] [LogUtils] - Set text 123456.0 on Enter Password
[INFO] 19-12-2024 12:09:21 [TestNG-test-MPV test Suite-1] [LogUtils] - Clicked on the Login Button
[INFO] 19-12-2024 12:09:21 [TestNG-test-MPV test Suite-1] [LogUtils] - Verify element visible By.xpath: //*[normalize-space() = 'Your username or password is incorrect.']
[INFO] 19-12-2024 12:09:21 [TestNG-test-MPV test Suite-3] [LogUtils] - Clicked on the Close Cookies
[INFO] 19-12-2024 12:09:21 [TestNG-test-MPV test Suite-3] [LogUtils] - Clicked on the Hamburger Menu
[INFO] 19-12-2024 12:09:21 [TestNG-test-MPV test Suite-2] [LogUtils] - Test case: TC_LoginFailWithEmailNull is passed.
[INFO] 19-12-2024 12:09:21 [TestNG-test-MPV test Suite-2] [LogUtils] - Driver for Screenshot: ChromeDriver: chrome on mac (15704c2139e56aa6f8af492bb9ed8eb6)
[INFO] 19-12-2024 12:09:22 [TestNG-test-MPV test Suite-3] [LogUtils] - Clicked on the Hamburger Login
[INFO] 19-12-2024 12:09:22 [TestNG-test-MPV test Suite-3] [LogUtils] - Verify element visible By.xpath: //*[normalize-space() = 'Log in or sign up to create an account to access your tickets and account.']
[INFO] 19-12-2024 12:09:22 [TestNG-test-MPV test Suite-3] [LogUtils] - Row index for loginFailWithIncorrectPassword: 3
[INFO] 19-12-2024 12:09:22 [TestNG-test-MPV test Suite-3] [LogUtils] - Column index for email: 1
[INFO] 19-12-2024 12:09:22 [TestNG-test-MPV test Suite-3] [LogUtils] - Set text sunil.kumar06@fake.com on Enter email
[INFO] 19-12-2024 12:09:22 [TestNG-test-MPV test Suite-3] [LogUtils] - Clear the text in the textbox. Clear the Password Field
[INFO] 19-12-2024 12:09:22 [TestNG-test-MPV test Suite-3] [LogUtils] - Row index for loginFailWithIncorrectPassword: 3
[INFO] 19-12-2024 12:09:22 [TestNG-test-MPV test Suite-3] [LogUtils] - Column index for password: 2
[INFO] 19-12-2024 12:09:22 [TestNG-test-MPV test Suite-3] [LogUtils] - Set text 123.0 on Enter Password
[INFO] 19-12-2024 12:09:22 [TestNG-test-MPV test Suite-2] [LogUtils] - Screenshot taken: TC_LoginFailWithEmailNull
[INFO] 19-12-2024 12:09:22 [TestNG-test-MPV test Suite-2] [LogUtils] - Screenshot taken current URL: https://mlbauto.tickets.com/?agency=AUMM_MYTIXX&enableV2TicketingExperience=true&orgid=24611#/auth/login?ret=auth~2Flogin%3Ffullret%3D%252Fticketmanagement%252F%253Fagency%253DAUMM_MYTIXX%2526enableV2TicketingExperience%253Dtrue%2526orgid%253D24611&fullret=~2Fticketmanagement~2F%3Fagency%3DAUMM_MYTIXX%26enableV2TicketingExperience%3Dtrue%26orgid%3D24611
[INFO] 19-12-2024 12:09:22 [TestNG-test-MPV test Suite-3] [LogUtils] - Clicked on the Login Button
[INFO] 19-12-2024 12:09:22 [TestNG-test-MPV test Suite-3] [LogUtils] - Verify element visible By.xpath: //*[normalize-space() = 'Your username or password is incorrect.']
[INFO] 19-12-2024 12:09:23 [TestNG-test-MPV test Suite-1] [LogUtils] - Test case: TC_LoginFailWithEmailDoesNotExist is passed.
[INFO] 19-12-2024 12:09:23 [TestNG-test-MPV test Suite-1] [LogUtils] - Driver for Screenshot: ChromeDriver: chrome on mac (db2a848df885c847fb9d6e8fd00bc51a)
[INFO] 19-12-2024 12:09:24 [TestNG-test-MPV test Suite-1] [LogUtils] - Screenshot taken: TC_LoginFailWithEmailDoesNotExist
[INFO] 19-12-2024 12:09:24 [TestNG-test-MPV test Suite-1] [LogUtils] - Screenshot taken current URL: https://mlbauto.tickets.com/?agency=AUMM_MYTIXX&enableV2TicketingExperience=true&orgid=24611#/auth/login?ret=auth~2Flogin%3Ffullret%3D%252Fticketmanagement%252F%253Fagency%253DAUMM_MYTIXX%2526enableV2TicketingExperience%253Dtrue%2526orgid%253D24611&fullret=~2Fticketmanagement~2F%3Fagency%3DAUMM_MYTIXX%26enableV2TicketingExperience%3Dtrue%26orgid%3D24611
[INFO] 19-12-2024 12:09:24 [TestNG-test-MPV test Suite-2] [LogUtils] - Test case: TC_LoginFailWithNullPassword is starting...
[INFO] 19-12-2024 12:09:24 [TestNG-test-MPV test Suite-3] [LogUtils] - Test case: TC_LoginFailWithIncorrectPassword is passed.
[INFO] 19-12-2024 12:09:24 [TestNG-test-MPV test Suite-3] [LogUtils] - Driver for Screenshot: ChromeDriver: chrome on mac (226497d49ca68d833fa06890615b9aed)
[INFO] 19-12-2024 12:09:25 [TestNG-test-MPV test Suite-3] [LogUtils] - Screenshot taken: TC_LoginFailWithIncorrectPassword
[INFO] 19-12-2024 12:09:25 [TestNG-test-MPV test Suite-3] [LogUtils] - Screenshot taken current URL: https://mlbauto.tickets.com/?agency=AUMM_MYTIXX&enableV2TicketingExperience=true&orgid=24611#/auth/login?ret=auth~2Flogin%3Ffullret%3D%252Fticketmanagement%252F%253Fagency%253DAUMM_MYTIXX%2526enableV2TicketingExperience%253Dtrue%2526orgid%253D24611&fullret=~2Fticketmanagement~2F%3Fagency%3DAUMM_MYTIXX%26enableV2TicketingExperience%3Dtrue%26orgid%3D24611
[INFO] 19-12-2024 12:09:26 [TestNG-test-MPV test Suite-1] [LogUtils] - Test case: TC_LoginSuccessWithCustomerAccount is starting...
[INFO] 19-12-2024 12:09:27 [TestNG-test-MPV test Suite-3] [LogUtils] - Test case: TC_ManageFriends_DOB_OptionalFieldValidation is starting...
[INFO] 19-12-2024 12:09:29 [TestNG-test-MPV test Suite-2] [LogUtils] - Open the Website with URL: https://mlbauto.tickets.com/?agency=AUMS_MLB_MPV&enableV2TicketingExperience=true&orgid=24610
[INFO] 19-12-2024 12:09:29 [TestNG-test-MPV test Suite-2] [LogUtils] - Set Excel File: src/test/resources/testdataMPV/TestDataMPV.xlsx
[INFO] 19-12-2024 12:09:29 [TestNG-test-MPV test Suite-2] [LogUtils] - Sheet Name: Login
[INFO] 19-12-2024 12:09:33 [TestNG-test-MPV test Suite-1] [LogUtils] - Open the Website with URL: https://mlbauto.tickets.com/?agency=AUMS_MLB_MPV&enableV2TicketingExperience=true&orgid=24610
[INFO] 19-12-2024 12:09:33 [TestNG-test-MPV test Suite-1] [LogUtils] - Set Excel File: src/test/resources/testdataMPV/TestDataMPV.xlsx
[INFO] 19-12-2024 12:09:33 [TestNG-test-MPV test Suite-1] [LogUtils] - Sheet Name: Login
[INFO] 19-12-2024 12:09:34 [TestNG-test-MPV test Suite-2] [LogUtils] - Clicked on the Close Cookies
[INFO] 19-12-2024 12:09:34 [TestNG-test-MPV test Suite-3] [LogUtils] - Open the Website with URL: https://mlbauto.tickets.com/?agency=AUMS_MLB_MPV&enableV2TicketingExperience=true&orgid=24610
[INFO] 19-12-2024 12:09:34 [TestNG-test-MPV test Suite-2] [LogUtils] - Clicked on the Hamburger Menu
[INFO] 19-12-2024 12:09:34 [TestNG-test-MPV test Suite-2] [LogUtils] - Clicked on the Hamburger Login
[INFO] 19-12-2024 12:09:34 [TestNG-test-MPV test Suite-2] [LogUtils] - Verify element visible By.xpath: //*[normalize-space() = 'Log in or sign up to create an account to access your tickets and account.']
[INFO] 19-12-2024 12:09:34 [TestNG-test-MPV test Suite-2] [LogUtils] - Row index for loginFailWithNullPassword: 2
[INFO] 19-12-2024 12:09:34 [TestNG-test-MPV test Suite-2] [LogUtils] - Column index for email: 1
[INFO] 19-12-2024 12:09:35 [TestNG-test-MPV test Suite-2] [LogUtils] - Set text sunil.kumar06@fake.com on Enter email
[INFO] 19-12-2024 12:09:35 [TestNG-test-MPV test Suite-2] [LogUtils] - Clicked on the Login Button
[INFO] 19-12-2024 12:09:35 [TestNG-test-MPV test Suite-2] [LogUtils] - Verify element present By.xpath: //*[normalize-space() = 'Enter Password']
[INFO] 19-12-2024 12:09:35 [TestNG-test-MPV test Suite-2] [LogUtils] - Test case: TC_LoginFailWithNullPassword is passed.
[INFO] 19-12-2024 12:09:35 [TestNG-test-MPV test Suite-2] [LogUtils] - Driver for Screenshot: ChromeDriver: chrome on mac (d3da4d4b0a3143dfa0706c2c3720c613)
[INFO] 19-12-2024 12:09:36 [TestNG-test-MPV test Suite-2] [LogUtils] - Screenshot taken: TC_LoginFailWithNullPassword
[INFO] 19-12-2024 12:09:36 [TestNG-test-MPV test Suite-2] [LogUtils] - Screenshot taken current URL: https://mlbauto.tickets.com/?agency=AUMM_MYTIXX&enableV2TicketingExperience=true&orgid=24611#/auth/login?ret=auth~2Flogin%3Ffullret%3D%252Fticketmanagement%252F%253Fagency%253DAUMM_MYTIXX%2526enableV2TicketingExperience%253Dtrue%2526orgid%253D24611&fullret=~2Fticketmanagement~2F%3Fagency%3DAUMM_MYTIXX%26enableV2TicketingExperience%3Dtrue%26orgid%3D24611
[INFO] 19-12-2024 12:09:37 [TestNG-test-MPV test Suite-1] [LogUtils] - Clicked on the Close Cookies
[INFO] 19-12-2024 12:09:37 [TestNG-test-MPV test Suite-1] [LogUtils] - Clicked on the Hamburger Menu
[INFO] 19-12-2024 12:09:37 [TestNG-test-MPV test Suite-1] [LogUtils] - Clicked on the Hamburger Login
[INFO] 19-12-2024 12:09:37 [TestNG-test-MPV test Suite-1] [LogUtils] - Verify element visible By.xpath: //*[normalize-space() = 'Log in or sign up to create an account to access your tickets and account.']
[INFO] 19-12-2024 12:09:37 [TestNG-test-MPV test Suite-1] [LogUtils] - Row index for loginSuccessWithCustomerAccount: 4
[INFO] 19-12-2024 12:09:37 [TestNG-test-MPV test Suite-1] [LogUtils] - Column index for email: 1
[INFO] 19-12-2024 12:09:37 [TestNG-test-MPV test Suite-3] [LogUtils] - Clicked on the Close Cookies
[INFO] 19-12-2024 12:09:38 [TestNG-test-MPV test Suite-1] [LogUtils] - Set text sunil.kumar06@fake.com on Enter email
[INFO] 19-12-2024 12:09:38 [TestNG-test-MPV test Suite-3] [LogUtils] - Clicked on the Hamburger Menu
[INFO] 19-12-2024 12:09:38 [TestNG-test-MPV test Suite-1] [LogUtils] - Clear the text in the textbox. Clear the Password Field
[INFO] 19-12-2024 12:09:38 [TestNG-test-MPV test Suite-1] [LogUtils] - Row index for loginSuccessWithCustomerAccount: 4
[INFO] 19-12-2024 12:09:38 [TestNG-test-MPV test Suite-1] [LogUtils] - Column index for password: 2
[INFO] 19-12-2024 12:09:38 [TestNG-test-MPV test Suite-1] [LogUtils] - Set text T1ckets1 on Enter Password
[INFO] 19-12-2024 12:09:38 [TestNG-test-MPV test Suite-1] [LogUtils] - Clicked on the Login Button
[INFO] 19-12-2024 12:09:38 [TestNG-test-MPV test Suite-2] [LogUtils] - Test case: TC_C156889_MLBSignUp is starting...
[INFO] 19-12-2024 12:09:38 [TestNG-test-MPV test Suite-3] [LogUtils] - Clicked on the Hamburger Login
[INFO] 19-12-2024 12:09:38 [TestNG-test-MPV test Suite-3] [LogUtils] - Verify element visible By.xpath: //*[normalize-space() = 'Log in or sign up to create an account to access your tickets and account.']
[INFO] 19-12-2024 12:09:38 [TestNG-test-MPV test Suite-3] [LogUtils] - Clicked on the Create Account Button
[INFO] 19-12-2024 12:09:38 [TestNG-test-MPV test Suite-3] [LogUtils] - Set text MPV1734590378710_77 on Enter First name
[INFO] 19-12-2024 12:09:38 [TestNG-test-MPV test Suite-3] [LogUtils] - Set text MPV on Enter Second name
[INFO] 19-12-2024 12:09:38 [TestNG-test-MPV test Suite-3] [LogUtils] - Set text MPV1734590378710_77@email.com on Enter email
[INFO] 19-12-2024 12:09:39 [TestNG-test-MPV test Suite-3] [LogUtils] - Set text T1ckets1 on Enter Password name
[INFO] 19-12-2024 12:09:39 [TestNG-test-MPV test Suite-3] [LogUtils] - Clicked on the Agree to Terms Checkbox
[INFO] 19-12-2024 12:09:39 [TestNG-test-MPV test Suite-3] [LogUtils] - Clicked on the Sign Up Button
[INFO] 19-12-2024 12:09:45 [TestNG-test-MPV test Suite-2] [LogUtils] - Open the Website with URL: https://mlbauto.tickets.com/?agency=AUMS_MLB_MPV&enableV2TicketingExperience=true&orgid=24610
[INFO] 19-12-2024 12:09:46 [TestNG-test-MPV test Suite-3] [LogUtils] - Account creation failed
[INFO] 19-12-2024 12:09:47 [TestNG-test-MPV test Suite-3] [LogUtils] - Clicked on the Continue Button
[ERROR] 19-12-2024 12:09:48 [TestNG-test-MPV test Suite-1] [LogUtils] - ❌ Element not exist. (waitForElementPresent) By.xpath: //*[@id='hero']/div[@class='hero-logo mpv-theme-hero-logo-new']
[ERROR] 19-12-2024 12:09:48 [TestNG-test-MPV test Suite-1] [LogUtils] - FAILED !! Test case TC_LoginSuccessWithCustomerAccount is failed.
[ERROR] 19-12-2024 12:09:48 [TestNG-test-MPV test Suite-1] [LogUtils] - java.lang.AssertionError: ❌ Element not exist. (waitForElementPresent) By.xpath: //*[@id='hero']/div[@class='hero-logo mpv-theme-hero-logo-new']
[INFO] 19-12-2024 12:09:48 [TestNG-test-MPV test Suite-1] [LogUtils] - Driver for Screenshot: ChromeDriver: chrome on mac (a46a964d0946d943fbe8de0615801fcb)
[INFO] 19-12-2024 12:09:48 [TestNG-test-MPV test Suite-1] [LogUtils] - Screenshot taken: TC_LoginSuccessWithCustomerAccount
[INFO] 19-12-2024 12:09:48 [TestNG-test-MPV test Suite-1] [LogUtils] - Screenshot taken current URL: https://mlbauto.tickets.com/?agency=AUMM_MYTIXX&enableV2TicketingExperience=true&orgid=24611#/auth/login?ret=auth~2Flogin%3Ffullret%3D%252Fticketmanagement%252F%253Fagency%253DAUMM_MYTIXX%2526enableV2TicketingExperience%253Dtrue%2526orgid%253D24611&fullret=~2Fticketmanagement~2F%3Fagency%3DAUMM_MYTIXX%26enableV2TicketingExperience%3Dtrue%26orgid%3D24611
[INFO] 19-12-2024 12:09:48 [TestNG-test-MPV test Suite-2] [LogUtils] - Clicked on the Close Cookies
[INFO] 19-12-2024 12:09:48 [TestNG-test-MPV test Suite-2] [LogUtils] - Clicked on the Hamburger Menu
[INFO] 19-12-2024 12:09:49 [TestNG-test-MPV test Suite-2] [LogUtils] - Clicked on the Hamburger Login
[INFO] 19-12-2024 12:09:49 [TestNG-test-MPV test Suite-2] [LogUtils] - Verify element visible By.xpath: //*[normalize-space() = 'Log in or sign up to create an account to access your tickets and account.']
[INFO] 19-12-2024 12:09:49 [TestNG-test-MPV test Suite-2] [LogUtils] - Clicked on the Create Account Button
[INFO] 19-12-2024 12:09:49 [TestNG-test-MPV test Suite-2] [LogUtils] - Set text MPV1734590389564_46 on Enter First name
[INFO] 19-12-2024 12:09:49 [TestNG-test-MPV test Suite-2] [LogUtils] - Set text MPV on Enter Second name
[INFO] 19-12-2024 12:09:49 [TestNG-test-MPV test Suite-2] [LogUtils] - Set text MPV1734590389564_46@email.com on Enter email
[INFO] 19-12-2024 12:09:49 [TestNG-test-MPV test Suite-2] [LogUtils] - Set text T1ckets1 on Enter Password name
[INFO] 19-12-2024 12:09:50 [TestNG-test-MPV test Suite-2] [LogUtils] - Clicked on the Agree to Terms Checkbox
[INFO] 19-12-2024 12:09:50 [TestNG-test-MPV test Suite-2] [LogUtils] - Clicked on the Sign Up Button
[INFO] 19-12-2024 12:09:50 [TestNG-test-MPV test Suite-1] [LogUtils] - Test case: TC_C156889_MLBSignUp is starting...
[INFO] 19-12-2024 12:09:51 [TestNG-test-MPV test Suite-3] [LogUtils] - Clicked on the Clicked on the menu
[INFO] 19-12-2024 12:09:52 [TestNG-test-MPV test Suite-3] [LogUtils] - Clicked on the Click My Account
[INFO] 19-12-2024 12:09:53 [TestNG-test-MPV test Suite-3] [LogUtils] - Clicked on the Manage Friend
[INFO] 19-12-2024 12:09:55 [TestNG-test-MPV test Suite-2] [LogUtils] - Clicked on the Continue Button
[INFO] 19-12-2024 12:09:56 [TestNG-test-MPV test Suite-3] [LogUtils] - Clicked on the Add New Friend Button
[INFO] 19-12-2024 12:09:56 [TestNG-test-MPV test Suite-3] [LogUtils] - Set Excel File: src/test/resources/testdataMPV/TestDataMPV.xlsx
[INFO] 19-12-2024 12:09:56 [TestNG-test-MPV test Suite-3] [LogUtils] - Sheet Name: ManageFriends
[INFO] 19-12-2024 12:09:56 [TestNG-test-MPV test Suite-3] [LogUtils] - Row index for FirstFriendFirstName: 1
[INFO] 19-12-2024 12:09:56 [TestNG-test-MPV test Suite-3] [LogUtils] - Column index for Value: 1
[INFO] 19-12-2024 12:09:56 [TestNG-test-MPV test Suite-3] [LogUtils] - Set text Karen on Enter First name
[INFO] 19-12-2024 12:09:56 [TestNG-test-MPV test Suite-3] [LogUtils] - Row index for FirstFriendLastName: 2
[INFO] 19-12-2024 12:09:56 [TestNG-test-MPV test Suite-3] [LogUtils] - Column index for Value: 1
[INFO] 19-12-2024 12:09:56 [TestNG-test-MPV test Suite-3] [LogUtils] - Set text One on Enter Last name
[INFO] 19-12-2024 12:09:56 [TestNG-test-MPV test Suite-3] [LogUtils] - Row index for FirstFriendEmail: 3
[INFO] 19-12-2024 12:09:56 [TestNG-test-MPV test Suite-3] [LogUtils] - Column index for Value: 1
[INFO] 19-12-2024 12:09:56 [TestNG-test-MPV test Suite-3] [LogUtils] - Set text abc@email.com on Enter email 
[INFO] 19-12-2024 12:09:56 [TestNG-test-MPV test Suite-3] [LogUtils] - Clicked on the Confirm Email Input
[INFO] 19-12-2024 12:09:56 [TestNG-test-MPV test Suite-3] [LogUtils] - Row index for FirstFriendConfirmEmail: 4
[INFO] 19-12-2024 12:09:56 [TestNG-test-MPV test Suite-3] [LogUtils] - Column index for Value: 1
[INFO] 19-12-2024 12:09:56 [TestNG-test-MPV test Suite-3] [LogUtils] - Set text abc@email.com on Enter Confirm Password name
[INFO] 19-12-2024 12:09:57 [TestNG-test-MPV test Suite-1] [LogUtils] - Open the Website with URL: https://mlbauto.tickets.com/?agency=AUMS_MLB_MPV&enableV2TicketingExperience=true&orgid=24610
[INFO] 19-12-2024 12:09:58 [TestNG-test-MPV test Suite-3] [LogUtils] - Clicked on the Create Friend Button
[INFO] 19-12-2024 12:09:59 [TestNG-test-MPV test Suite-3] [LogUtils] - Clicked on the Clicked on the menu
[INFO] 19-12-2024 12:09:59 [TestNG-test-MPV test Suite-1] [LogUtils] - Clicked on the Close Cookies
[INFO] 19-12-2024 12:09:59 [TestNG-test-MPV test Suite-1] [LogUtils] - Clicked on the Hamburger Menu
[INFO] 19-12-2024 12:10:00 [TestNG-test-MPV test Suite-2] [LogUtils] - Clicked on the Clicked on the menu
[INFO] 19-12-2024 12:10:00 [TestNG-test-MPV test Suite-1] [LogUtils] - Clicked on the Hamburger Login
[INFO] 19-12-2024 12:10:00 [TestNG-test-MPV test Suite-1] [LogUtils] - Verify element visible By.xpath: //*[normalize-space() = 'Log in or sign up to create an account to access your tickets and account.']
[INFO] 19-12-2024 12:10:00 [TestNG-test-MPV test Suite-1] [LogUtils] - Clicked on the Create Account Button
[INFO] 19-12-2024 12:10:00 [TestNG-test-MPV test Suite-1] [LogUtils] - Set text MPV1734590400500_34 on Enter First name
[INFO] 19-12-2024 12:10:00 [TestNG-test-MPV test Suite-1] [LogUtils] - Set text MPV on Enter Second name
[INFO] 19-12-2024 12:10:00 [TestNG-test-MPV test Suite-1] [LogUtils] - Set text MPV1734590400500_34@email.com on Enter email
[INFO] 19-12-2024 12:10:00 [TestNG-test-MPV test Suite-1] [LogUtils] - Set text T1ckets1 on Enter Password name
[INFO] 19-12-2024 12:10:00 [TestNG-test-MPV test Suite-1] [LogUtils] - Clicked on the Agree to Terms Checkbox
[INFO] 19-12-2024 12:10:00 [TestNG-test-MPV test Suite-1] [LogUtils] - Clicked on the Sign Up Button
[INFO] 19-12-2024 12:10:02 [TestNG-test-MPV test Suite-2] [LogUtils] - Clicked on the Clicked on the menu logout
[INFO] 19-12-2024 12:10:03 [TestNG-test-MPV test Suite-2] [LogUtils] - Test case: TC_C156889_MLBSignUp is passed.
[INFO] 19-12-2024 12:10:03 [TestNG-test-MPV test Suite-2] [LogUtils] - Driver for Screenshot: ChromeDriver: chrome on mac (281aab58c66cfaff68b549d91ab5040d)
[INFO] 19-12-2024 12:10:04 [TestNG-test-MPV test Suite-2] [LogUtils] - Screenshot taken: TC_C156889_MLBSignUp
[INFO] 19-12-2024 12:10:04 [TestNG-test-MPV test Suite-2] [LogUtils] - Screenshot taken current URL: https://mlbauto.tickets.com/?agency=AUMM_MYTIXX&enableV2TicketingExperience=true&orgid=24611#/auth/login
[INFO] 19-12-2024 12:10:05 [TestNG-test-MPV test Suite-3] [LogUtils] - Clicked on the Clicked on the menu logout
[INFO] 19-12-2024 12:10:06 [TestNG-test-MPV test Suite-1] [LogUtils] - Clicked on the Continue Button
[INFO] 19-12-2024 12:10:06 [TestNG-test-MPV test Suite-3] [LogUtils] - Test case: TC_ManageFriends_DOB_OptionalFieldValidation is passed.
[INFO] 19-12-2024 12:10:06 [TestNG-test-MPV test Suite-3] [LogUtils] - Driver for Screenshot: ChromeDriver: chrome on mac (f18444dd9d82353d952e266548d10882)
[INFO] 19-12-2024 12:10:07 [TestNG-test-MPV test Suite-3] [LogUtils] - Screenshot taken: TC_ManageFriends_DOB_OptionalFieldValidation
[INFO] 19-12-2024 12:10:07 [TestNG-test-MPV test Suite-3] [LogUtils] - Screenshot taken current URL: https://mlbauto.tickets.com/?agency=AUMM_MYTIXX&enableV2TicketingExperience=true&orgid=24611#/auth/login
[INFO] 19-12-2024 12:10:10 [TestNG-test-MPV test Suite-1] [LogUtils] - Clicked on the Clicked on the menu
[INFO] 19-12-2024 12:10:15 [TestNG-test-MPV test Suite-1] [LogUtils] - Clicked on the Clicked on the menu logout
[INFO] 19-12-2024 12:10:16 [TestNG-test-MPV test Suite-1] [LogUtils] - Test case: TC_C156889_MLBSignUp is passed.
[INFO] 19-12-2024 12:10:16 [TestNG-test-MPV test Suite-1] [LogUtils] - Driver for Screenshot: ChromeDriver: chrome on mac (022cc2a36fa53dbd966f530ff76337b5)
[INFO] 19-12-2024 12:10:17 [TestNG-test-MPV test Suite-1] [LogUtils] - Screenshot taken: TC_C156889_MLBSignUp
[INFO] 19-12-2024 12:10:17 [TestNG-test-MPV test Suite-1] [LogUtils] - Screenshot taken current URL: https://mlbauto.tickets.com/?agency=AUMM_MYTIXX&enableV2TicketingExperience=true&orgid=24611#/auth/login
[INFO] 19-12-2024 12:10:23 [main] [LogUtils] - ********** RUN FINISHED **********
[INFO] 19-12-2024 12:10:23 [main] [LogUtils] - =====> End Suite: MPV test
[INFO] 19-12-2024 12:10:23 [main] [LogUtils] - ********** RUN STARTED **********
[INFO] 19-12-2024 12:10:23 [main] [LogUtils] - ========= INSTALLING CONFIGURATION DATA =========
[INFO] 19-12-2024 12:10:23 [main] [LogUtils] - Loaded all properties files.
[INFO] 19-12-2024 12:10:23 [main] [LogUtils] - ========= INSTALLED CONFIGURATION DATA =========
[INFO] 19-12-2024 12:10:23 [main] [LogUtils] - =====> Starting Suite: PV test
[INFO] 19-12-2024 12:10:25 [TestNG-test-PV Login Test-2] [LogUtils] - Test case: TC_PVLoginCase2 is starting...
[INFO] 19-12-2024 12:10:25 [TestNG-test-PV Login Test-2] [LogUtils] - Set Excel File: src/test/resources/testdataPV/TestDataPV.xlsx
[INFO] 19-12-2024 12:10:25 [TestNG-test-PV Login Test-2] [LogUtils] - Sheet Name: PVLogin
[INFO] 19-12-2024 12:10:25 [TestNG-test-PV Login Test-3] [LogUtils] - Test case: TC_PVLoginCase3 is starting...
[INFO] 19-12-2024 12:10:25 [TestNG-test-PV Login Test-3] [LogUtils] - Set Excel File: src/test/resources/testdataPV/TestDataPV.xlsx
[INFO] 19-12-2024 12:10:25 [TestNG-test-PV Login Test-3] [LogUtils] - Sheet Name: PVLogin
[INFO] 19-12-2024 12:10:25 [TestNG-test-PV Login Test-1] [LogUtils] - Test case: TC_PVLoginCase1 is starting...
[WARN] 19-12-2024 12:10:25 [TestNG-test-PV Login Test-1] [LogUtils] - WARNING!! Test case: TC_PVLoginCase1 is skipped.
[ERROR] 19-12-2024 12:10:25 [TestNG-test-PV Login Test-2] [LogUtils] - FAILED !! Test case TC_PVLoginCase2 is failed.
[ERROR] 19-12-2024 12:10:25 [TestNG-test-PV Login Test-3] [LogUtils] - FAILED !! Test case TC_PVLoginCase3 is failed.
[ERROR] 19-12-2024 12:10:25 [TestNG-test-PV Login Test-2] [LogUtils] - org.openqa.selenium.WebDriverException: unknown error: net::ERR_NAME_NOT_RESOLVED
  (Session info: chrome=131.0.6778.87)
Build info: version: '4.27.0', revision: 'd6e718d134'
System info: os.name: 'Mac OS X', os.arch: 'aarch64', os.version: '15.1.1', java.version: '23.0.1'
Driver info: org.openqa.selenium.chrome.ChromeDriver
Command: [10b5712a717cf0a6540fc39b7dc616fe, get {url=https://auto2.provenueapp.com:18443/springapp/login}]
Capabilities {acceptInsecureCerts: true, browserName: chrome, browserVersion: 131.0.6778.87, chrome: {chromedriverVersion: 131.0.6778.204 (52183f9e99a..., userDataDir: /var/folders/7m/x_hkhjvn7lx...}, fedcm:accounts: true, goog:chromeOptions: {debuggerAddress: localhost:60305}, networkConnectionEnabled: false, pageLoadStrategy: normal, platformName: mac, proxy: Proxy(), se:cdp: ws://localhost:60305/devtoo..., se:cdpVersion: 131.0.6778.87, setWindowRect: true, strictFileInteractability: false, timeouts: {implicit: 0, pageLoad: 300000, script: 30000}, unhandledPromptBehavior: dismiss and notify, webauthn:extension:credBlob: true, webauthn:extension:largeBlob: true, webauthn:extension:minPinLength: true, webauthn:extension:prf: true, webauthn:virtualAuthenticators: true}
Session ID: 10b5712a717cf0a6540fc39b7dc616fe
[ERROR] 19-12-2024 12:10:25 [TestNG-test-PV Login Test-3] [LogUtils] - org.openqa.selenium.WebDriverException: unknown error: net::ERR_NAME_NOT_RESOLVED
  (Session info: chrome=131.0.6778.87)
Build info: version: '4.27.0', revision: 'd6e718d134'
System info: os.name: 'Mac OS X', os.arch: 'aarch64', os.version: '15.1.1', java.version: '23.0.1'
Driver info: org.openqa.selenium.chrome.ChromeDriver
Command: [4a0ff803e526017e02965aed984a9f80, get {url=https://auto2.provenueapp.com:18443/springapp/login}]
Capabilities {acceptInsecureCerts: true, browserName: chrome, browserVersion: 131.0.6778.87, chrome: {chromedriverVersion: 131.0.6778.204 (52183f9e99a..., userDataDir: /var/folders/7m/x_hkhjvn7lx...}, fedcm:accounts: true, goog:chromeOptions: {debuggerAddress: localhost:60304}, networkConnectionEnabled: false, pageLoadStrategy: normal, platformName: mac, proxy: Proxy(), se:cdp: ws://localhost:60304/devtoo..., se:cdpVersion: 131.0.6778.87, setWindowRect: true, strictFileInteractability: false, timeouts: {implicit: 0, pageLoad: 300000, script: 30000}, unhandledPromptBehavior: dismiss and notify, webauthn:extension:credBlob: true, webauthn:extension:largeBlob: true, webauthn:extension:minPinLength: true, webauthn:extension:prf: true, webauthn:virtualAuthenticators: true}
Session ID: 4a0ff803e526017e02965aed984a9f80
[INFO] 19-12-2024 12:10:25 [TestNG-test-PV Login Test-2] [LogUtils] - Driver for Screenshot: ChromeDriver: chrome on mac (10b5712a717cf0a6540fc39b7dc616fe)
[INFO] 19-12-2024 12:10:25 [TestNG-test-PV Login Test-3] [LogUtils] - Driver for Screenshot: ChromeDriver: chrome on mac (4a0ff803e526017e02965aed984a9f80)
[INFO] 19-12-2024 12:10:25 [TestNG-test-PV Login Test-3] [LogUtils] - Screenshot taken: TC_PVLoginCase3
[INFO] 19-12-2024 12:10:25 [TestNG-test-PV Login Test-3] [LogUtils] - Screenshot taken current URL: https://auto2.provenueapp.com:18443/springapp/login
[INFO] 19-12-2024 12:10:25 [TestNG-test-PV Login Test-2] [LogUtils] - Screenshot taken: TC_PVLoginCase2
[INFO] 19-12-2024 12:10:25 [TestNG-test-PV Login Test-2] [LogUtils] - Screenshot taken current URL: https://auto2.provenueapp.com:18443/springapp/login
[INFO] 19-12-2024 12:10:25 [main] [LogUtils] - ********** RUN FINISHED **********
[INFO] 19-12-2024 12:10:25 [main] [LogUtils] - =====> End Suite: PV test
